d:\labs\6 sem\osis\lab9\debug\lab14.pch
d:\labs\6 sem\osis\lab9\debug\vc142.pdb
d:\labs\6 sem\osis\lab9\debug\vc142.idb
d:\labs\6 sem\osis\lab9\debug\stdafx.obj
d:\labs\6 sem\osis\lab9\debug\lab14.obj
d:\labs\6 sem\osis\lab9\debug\lab14.exe
d:\labs\6 sem\osis\lab9\debug\lab14.ilk
d:\labs\6 sem\osis\lab9\debug\lab14.pdb
d:\labs\6 sem\osis\lab9\debug\lab14.res
d:\labs\6 sem\osis\osas\lab14\debug\lab14.obj
d:\labs\6 sem\osis\osas\lab14\debug\lab9.obj
d:\labs\6 sem\osis\osas\lab14\debug\stdafx.obj
d:\labs\6 sem\osis\osas\lab14\debug\lab14.ilk
d:\labs\6 sem\osis\osas\lab14\debug\lab9.ilk
d:\labs\6 sem\osis\osas\lab14\debug\lab14.res
d:\labs\6 sem\osis\osas\lab14\debug\lab9.res
d:\labs\6 sem\osis\osas\lab14\debug\lab14.pch
d:\labs\6 sem\osis\osas\lab14\debug\lab9.pch
d:\labs\6 sem\osis\osas\lab14\debug\vc142.idb
d:\labs\6 sem\osis\osas\lab14\debug\lab14.pdb
d:\labs\6 sem\osis\osas\lab14\debug\vc142.pdb
d:\labs\6 sem\osis\osas\lab14\debug\lab14.exe
d:\labs\6 sem\osis\osas\lab14\debug\lab14.tlog\cl.command.1.tlog
d:\labs\6 sem\osis\osas\lab14\debug\lab14.tlog\cl.read.1.tlog
d:\labs\6 sem\osis\osas\lab14\debug\lab14.tlog\cl.write.1.tlog
d:\labs\6 sem\osis\osas\lab14\debug\lab14.tlog\link.command.1.tlog
d:\labs\6 sem\osis\osas\lab14\debug\lab14.tlog\link.read.1.tlog
d:\labs\6 sem\osis\osas\lab14\debug\lab14.tlog\link.write.1.tlog
d:\labs\6 sem\osis\osas\lab14\debug\lab14.tlog\rc.command.1.tlog
d:\labs\6 sem\osis\osas\lab14\debug\lab14.tlog\rc.read.1.tlog
d:\labs\6 sem\osis\osas\lab14\debug\lab14.tlog\rc.write.1.tlog
